v 1.0.21 2017-05-19

替换netty为4.0.48.Final

v 1.0.20 2017-05-19

为PidDailyRollingFileAppender添加钩子

v 1.0.19 2017-05-05

为CollectionUtil添加random方法

v 1.0.18 2017-05-04

为CollectionUtil添加string2Map方法

v 1.0.17 2017-05-04

为PropUtil添加remote方法

v 1.0.16 2017-03-08

修正了TimeUtil

v 1.0.15 2017-03-03

添加SyncFuture

v 1.0.14 2017-01-16

添加CollectionUtil

v 1.0.13 2017-01-10

修改PropUtil

v 1.0.12 2017-01-10

修改PropUtil，TimeUtil

v 1.0.11 2016-11-23

添加PassEncrypter

v 1.0.10 2016-11-23

更改XmlParser

v 1.0.9 2016-10-19

更改了CommandRegistry的初始化，使得CommandProperties可以被重写

v 1.0.8 2016-09-20

添加LengthProtobufDecoder

v 1.0.7 2016-09-20

添加XmlParser的init和finish接口

v 1.0.6 2016-09-12

TimeUtil添加功能

v 1.0.5 2016-09-01

添加了辅助类XmlParser

v 1.0.4 2016-08-31

ConnectionListener里面不设置client的active

v 1.0.3 2016-08-30

GameClient添加了retry参数

v 1.0.2
改netty为4.0.40.Final版本